# JRE version: OpenJDK Runtime Environment Temurin-21.0.11+10 (21.0.11+10) (build 21.0.11+10-LTS)
# Java VM: OpenJDK 64-Bit Server VM Temurin-21.0.11+10 (21.0.11+10-LTS, mixed mode, sharing, tiered, compressed oops, compressed class ptrs, g1 gc, windows-amd64)
GC Precious Log:
 CardTable entry size: 512
 Card Set container configuration: InlinePtr #cards 5 size 8 Array Of Cards #cards 12 size 40 Howl #buckets 4 coarsen threshold 1843 Howl Bitmap #cards 512 size 80 coarsen threshold 460 Card regions per heap region 1 cards per card region 2048
 CPUs: 8 total, 8 available
 Memory: 32475M
 Large Page Support: Disabled
 NUMA Support: Disabled
 Compressed Oops: Enabled (32-bit)
 Heap Region Size: 1M
 Heap Min Capacity: 8M
 Heap Initial Capacity: 508M
 Heap Max Capacity: 2G
 Pre-touch: Disabled
 Parallel Workers: 8
 Concurrent Workers: 2
 Concurrent Refinement Workers: 8
 Periodic GC: Disabled
Heap:
 garbage-first heap   total 81920K, used 25026K [0x0000000080000000, 0x0000000100000000)
  region size 1024K, 16 young (16384K), 14 survivors (14336K)
 Metaspace       used 20994K, committed 21696K, reserved 491520K
  class space    used 3120K, committed 3456K, reserved 425984K
GC Heap History (8 events):
Event: 1.494 GC heap before
{Heap before GC invocations=0 (full 0):
 garbage-first heap   total 520192K, used 25600K [0x0000000080000000, 0x0000000100000000)
  region size 1024K, 25 young (25600K), 0 survivors (0K)
 Metaspace       used 1109K, committed 1216K, reserved 491520K
  class space    used 81K, committed 128K, reserved 425984K
}
Event: 1.560 GC heap after
{Heap after GC invocations=1 (full 0):
 garbage-first heap   total 520192K, used 4392K [0x0000000080000000, 0x0000000100000000)
  region size 1024K, 4 young (4096K), 4 survivors (4096K)
 Metaspace       used 1109K, committed 1216K, reserved 491520K
  class space    used 81K, committed 128K, reserved 425984K
}
Event: 3.493 GC heap before
{Heap before GC invocations=1 (full 0):
 garbage-first heap   total 520192K, used 41256K [0x0000000080000000, 0x0000000100000000)
  region size 1024K, 38 young (38912K), 4 survivors (4096K)
 Metaspace       used 4418K, committed 4608K, reserved 491520K
  class space    used 556K, committed 640K, reserved 425984K
}
Event: 3.497 GC heap after
{Heap after GC invocations=2 (full 0):
 garbage-first heap   total 520192K, used 10817K [0x0000000080000000, 0x0000000100000000)
  region size 1024K, 4 young (4096K), 4 survivors (4096K)
 Metaspace       used 4418K, committed 4608K, reserved 491520K
  class space    used 556K, committed 640K, reserved 425984K
}
Event: 5.237 GC heap before
{Heap before GC invocations=2 (full 0):
 garbage-first heap   total 520192K, used 58945K [0x0000000080000000, 0x0000000100000000)
  region size 1024K, 50 young (51200K), 4 survivors (4096K)
 Metaspace       used 5848K, committed 6080K, reserved 491520K
  class space    used 784K, committed 896K, reserved 425984K
}
Event: 5.242 GC heap after
{Heap after GC invocations=3 (full 0):
 garbage-first heap   total 520192K, used 17320K [0x0000000080000000, 0x0000000100000000)
  region size 1024K, 7 young (7168K), 7 survivors (7168K)
 Metaspace       used 5848K, committed 6080K, reserved 491520K
  class space    used 784K, committed 896K, reserved 425984K
}
Event: 10.007 GC heap before
{Heap before GC invocations=3 (full 0):
 garbage-first heap   total 520192K, used 107432K [0x0000000080000000, 0x0000000100000000)
  region size 1024K, 96 young (98304K), 7 survivors (7168K)
 Metaspace       used 20847K, committed 21504K, reserved 491520K
  class space    used 3090K, committed 3392K, reserved 425984K
}
Event: 10.017 GC heap after
{Heap after GC invocations=4 (full 0):
 garbage-first heap   total 520192K, used 24002K [0x0000000080000000, 0x0000000100000000)
  region size 1024K, 14 young (14336K), 14 survivors (14336K)
 Metaspace       used 20847K, committed 21504K, reserved 491520K
  class space    used 3090K, committed 3392K, reserved 425984K
}

