# JRE version: OpenJDK Runtime Environment Temurin-21.0.11+10 (21.0.11+10) (build 21.0.11+10-LTS)
# Java VM: OpenJDK 64-Bit Server VM Temurin-21.0.11+10 (21.0.11+10-LTS, mixed mode, sharing, tiered, compressed oops, compressed class ptrs, parallel gc, windows-amd64)
GC Precious Log:
 CardTable entry size: 512
 CPUs: 8 total, 8 available
 Memory: 32475M
 Large Page Support: Disabled
 NUMA Support: Disabled
 Compressed Oops: Enabled (32-bit)
 Alignments: Space 512K, Generation 512K, Heap 2M
 Heap Min Capacity: 100M
 Heap Initial Capacity: 100M
 Heap Max Capacity: 2G
 Pre-touch: Disabled
 Parallel Workers: 8
Heap:
 PSYoungGen      total 3072K, used 672K [0x00000000d5580000, 0x00000000d5b80000, 0x0000000100000000)
  eden space 2560K, 16% used [0x00000000d5580000,0x00000000d55e8208,0x00000000d5800000)
  from space 512K, 50% used [0x00000000d5a80000,0x00000000d5ac0000,0x00000000d5b00000)
  to   space 512K, 0% used [0x00000000d5b00000,0x00000000d5b00000,0x00000000d5b80000)
 ParOldGen       total 183296K, used 182911K [0x0000000080000000, 0x000000008b300000, 0x00000000d5580000)
  object space 183296K, 99% used [0x0000000080000000,0x000000008b29ff20,0x000000008b300000)
 Metaspace       used 74294K, committed 76032K, reserved 1179648K
  class space    used 9195K, committed 9984K, reserved 1048576K
GC Heap History (20 events):
Event: 103.314 GC heap before
{Heap before GC invocations=624 (full 3):
 PSYoungGen      total 3072K, used 3058K [0x00000000d5580000, 0x00000000d5c00000, 0x0000000100000000)
  eden space 2560K, 99% used [0x00000000d5580000,0x00000000d57fd348,0x00000000d5800000)
  from space 512K, 99% used [0x00000000d5a00000,0x00000000d5a7f7d0,0x00000000d5a80000)
  to   space 2048K, 0% used [0x00000000d5800000,0x00000000d5800000,0x00000000d5a00000)
 ParOldGen       total 179712K, used 179391K [0x0000000080000000, 0x000000008af80000, 0x00000000d5580000)
  object space 179712K, 99% used [0x0000000080000000,0x000000008af2fc60,0x000000008af80000)
 Metaspace       used 72410K, committed 74112K, reserved 1114112K
  class space    used 8854K, committed 9600K, reserved 1048576K
}
Event: 103.316 GC heap after
{Heap after GC invocations=624 (full 3):
 PSYoungGen      total 4608K, used 2036K [0x00000000d5580000, 0x00000000d5e00000, 0x0000000100000000)
  eden space 2560K, 0% used [0x00000000d5580000,0x00000000d5580000,0x00000000d5800000)
  from space 2048K, 99% used [0x00000000d5800000,0x00000000d59fd270,0x00000000d5a00000)
  to   space 3072K, 0% used [0x00000000d5b00000,0x00000000d5b00000,0x00000000d5e00000)
 ParOldGen       total 180224K, used 179739K [0x0000000080000000, 0x000000008b000000, 0x00000000d5580000)
  object space 180224K, 99% used [0x0000000080000000,0x000000008af86cc8,0x000000008b000000)
 Metaspace       used 72410K, committed 74112K, reserved 1114112K
  class space    used 8854K, committed 9600K, reserved 1048576K
}
Event: 103.336 GC heap before
{Heap before GC invocations=625 (full 3):
 PSYoungGen      total 4608K, used 4596K [0x00000000d5580000, 0x00000000d5e00000, 0x0000000100000000)
  eden space 2560K, 100% used [0x00000000d5580000,0x00000000d5800000,0x00000000d5800000)
  from space 2048K, 99% used [0x00000000d5800000,0x00000000d59fd270,0x00000000d5a00000)
  to   space 3072K, 0% used [0x00000000d5b00000,0x00000000d5b00000,0x00000000d5e00000)
 ParOldGen       total 180224K, used 179739K [0x0000000080000000, 0x000000008b000000, 0x00000000d5580000)
  object space 180224K, 99% used [0x0000000080000000,0x000000008af86cc8,0x000000008b000000)
 Metaspace       used 72413K, committed 74112K, reserved 1114112K
  class space    used 8854K, committed 9600K, reserved 1048576K
}
Event: 103.338 GC heap after
{Heap after GC invocations=625 (full 3):
 PSYoungGen      total 3584K, used 666K [0x00000000d5580000, 0x00000000d5c00000, 0x0000000100000000)
  eden space 2560K, 0% used [0x00000000d5580000,0x00000000d5580000,0x00000000d5800000)
  from space 1024K, 65% used [0x00000000d5b00000,0x00000000d5ba6b00,0x00000000d5c00000)
  to   space 1536K, 0% used [0x00000000d5900000,0x00000000d5900000,0x00000000d5a80000)
 ParOldGen       total 181760K, used 181498K [0x0000000080000000, 0x000000008b180000, 0x00000000d5580000)
  object space 181760K, 99% used [0x0000000080000000,0x000000008b13e9e0,0x000000008b180000)
 Metaspace       used 72413K, committed 74112K, reserved 1114112K
  class space    used 8854K, committed 9600K, reserved 1048576K
}
Event: 103.382 GC heap before
{Heap before GC invocations=626 (full 3):
 PSYoungGen      total 3584K, used 3226K [0x00000000d5580000, 0x00000000d5c00000, 0x0000000100000000)
  eden space 2560K, 100% used [0x00000000d5580000,0x00000000d5800000,0x00000000d5800000)
  from space 1024K, 65% used [0x00000000d5b00000,0x00000000d5ba6b00,0x00000000d5c00000)
  to   space 1536K, 0% used [0x00000000d5900000,0x00000000d5900000,0x00000000d5a80000)
 ParOldGen       total 181760K, used 181498K [0x0000000080000000, 0x000000008b180000, 0x00000000d5580000)
  object space 181760K, 99% used [0x0000000080000000,0x000000008b13e9e0,0x000000008b180000)
 Metaspace       used 72433K, committed 74112K, reserved 1114112K
  class space    used 8859K, committed 9600K, reserved 1048576K
}
Event: 103.383 GC heap after
{Heap after GC invocations=626 (full 3):
 PSYoungGen      total 4096K, used 192K [0x00000000d5580000, 0x00000000d5b80000, 0x0000000100000000)
  eden space 2560K, 0% used [0x00000000d5580000,0x00000000d5580000,0x00000000d5800000)
  from space 1536K, 12% used [0x00000000d5900000,0x00000000d5930000,0x00000000d5a80000)
  to   space 512K, 0% used [0x00000000d5b00000,0x00000000d5b00000,0x00000000d5b80000)
 ParOldGen       total 182272K, used 181943K [0x0000000080000000, 0x000000008b200000, 0x00000000d5580000)
  object space 182272K, 99% used [0x0000000080000000,0x000000008b1adef0,0x000000008b200000)
 Metaspace       used 72433K, committed 74112K, reserved 1114112K
  class space    used 8859K, committed 9600K, reserved 1048576K
}
Event: 103.424 GC heap before
{Heap before GC invocations=627 (full 3):
 PSYoungGen      total 4096K, used 2751K [0x00000000d5580000, 0x00000000d5b80000, 0x0000000100000000)
  eden space 2560K, 99% used [0x00000000d5580000,0x00000000d57fffc0,0x00000000d5800000)
  from space 1536K, 12% used [0x00000000d5900000,0x00000000d5930000,0x00000000d5a80000)
  to   space 512K, 0% used [0x00000000d5b00000,0x00000000d5b00000,0x00000000d5b80000)
 ParOldGen       total 182272K, used 181943K [0x0000000080000000, 0x000000008b200000, 0x00000000d5580000)
  object space 182272K, 99% used [0x0000000080000000,0x000000008b1adef0,0x000000008b200000)
 Metaspace       used 72577K, committed 74304K, reserved 1114112K
  class space    used 8886K, committed 9664K, reserved 1048576K
}
Event: 103.425 GC heap after
{Heap after GC invocations=627 (full 3):
 PSYoungGen      total 3072K, used 224K [0x00000000d5580000, 0x00000000d5b80000, 0x0000000100000000)
  eden space 2560K, 0% used [0x00000000d5580000,0x00000000d5580000,0x00000000d5800000)
  from space 512K, 43% used [0x00000000d5b00000,0x00000000d5b38000,0x00000000d5b80000)
  to   space 512K, 0% used [0x00000000d5a80000,0x00000000d5a80000,0x00000000d5b00000)
 ParOldGen       total 182272K, used 182031K [0x0000000080000000, 0x000000008b200000, 0x00000000d5580000)
  object space 182272K, 99% used [0x0000000080000000,0x000000008b1c3ef0,0x000000008b200000)
 Metaspace       used 72577K, committed 74304K, reserved 1114112K
  class space    used 8886K, committed 9664K, reserved 1048576K
}
Event: 103.474 GC heap before
{Heap before GC invocations=628 (full 3):
 PSYoungGen      total 3072K, used 2784K [0x00000000d5580000, 0x00000000d5b80000, 0x0000000100000000)
  eden space 2560K, 100% used [0x00000000d5580000,0x00000000d5800000,0x00000000d5800000)
  from space 512K, 43% used [0x00000000d5b00000,0x00000000d5b38000,0x00000000d5b80000)
  to   space 512K, 0% used [0x00000000d5a80000,0x00000000d5a80000,0x00000000d5b00000)
 ParOldGen       total 182272K, used 182031K [0x0000000080000000, 0x000000008b200000, 0x00000000d5580000)
  object space 182272K, 99% used [0x0000000080000000,0x000000008b1c3ef0,0x000000008b200000)
 Metaspace       used 72692K, committed 74368K, reserved 1114112K
  class space    used 8915K, committed 9664K, reserved 1048576K
}
Event: 103.475 GC heap after
{Heap after GC invocations=628 (full 3):
 PSYoungGen      total 3072K, used 256K [0x00000000d5580000, 0x00000000d5b80000, 0x0000000100000000)
  eden space 2560K, 0% used [0x00000000d5580000,0x00000000d5580000,0x00000000d5800000)
  from space 512K, 50% used [0x00000000d5a80000,0x00000000d5ac0000,0x00000000d5b00000)
  to   space 512K, 0% used [0x00000000d5b00000,0x00000000d5b00000,0x00000000d5b80000)
 ParOldGen       total 182272K, used 182143K [0x0000000080000000, 0x000000008b200000, 0x00000000d5580000)
  object space 182272K, 99% used [0x0000000080000000,0x000000008b1dfef0,0x000000008b200000)
 Metaspace       used 72692K, committed 74368K, reserved 1114112K
  class space    used 8915K, committed 9664K, reserved 1048576K
}
Event: 103.535 GC heap before
{Heap before GC invocations=629 (full 3):
 PSYoungGen      total 3072K, used 2816K [0x00000000d5580000, 0x00000000d5b80000, 0x0000000100000000)
  eden space 2560K, 100% used [0x00000000d5580000,0x00000000d5800000,0x00000000d5800000)
  from space 512K, 50% used [0x00000000d5a80000,0x00000000d5ac0000,0x00000000d5b00000)
  to   space 512K, 0% used [0x00000000d5b00000,0x00000000d5b00000,0x00000000d5b80000)
 ParOldGen       total 182272K, used 182143K [0x0000000080000000, 0x000000008b200000, 0x00000000d5580000)
  object space 182272K, 99% used [0x0000000080000000,0x000000008b1dfef0,0x000000008b200000)
 Metaspace       used 72849K, committed 74560K, reserved 1114112K
  class space    used 8956K, committed 9728K, reserved 1048576K
}
Event: 103.536 GC heap after
{Heap after GC invocations=629 (full 3):
 PSYoungGen      total 3072K, used 288K [0x00000000d5580000, 0x00000000d5b80000, 0x0000000100000000)
  eden space 2560K, 0% used [0x00000000d5580000,0x00000000d5580000,0x00000000d5800000)
  from space 512K, 56% used [0x00000000d5b00000,0x00000000d5b48000,0x00000000d5b80000)
  to   space 512K, 0% used [0x00000000d5a80000,0x00000000d5a80000,0x00000000d5b00000)
 ParOldGen       total 182784K, used 182279K [0x0000000080000000, 0x000000008b280000, 0x00000000d5580000)
  object space 182784K, 99% used [0x0000000080000000,0x000000008b201ef0,0x000000008b280000)
 Metaspace       used 72849K, committed 74560K, reserved 1114112K
  class space    used 8956K, committed 9728K, reserved 1048576K
}
Event: 103.581 GC heap before
{Heap before GC invocations=630 (full 3):
 PSYoungGen      total 3072K, used 2848K [0x00000000d5580000, 0x00000000d5b80000, 0x0000000100000000)
  eden space 2560K, 100% used [0x00000000d5580000,0x00000000d5800000,0x00000000d5800000)
  from space 512K, 56% used [0x00000000d5b00000,0x00000000d5b48000,0x00000000d5b80000)
  to   space 512K, 0% used [0x00000000d5a80000,0x00000000d5a80000,0x00000000d5b00000)
 ParOldGen       total 182784K, used 182279K [0x0000000080000000, 0x000000008b280000, 0x00000000d5580000)
  object space 182784K, 99% used [0x0000000080000000,0x000000008b201ef0,0x000000008b280000)
 Metaspace       used 73037K, committed 74688K, reserved 1114112K
  class space    used 8997K, committed 9728K, reserved 1048576K
}
Event: 103.583 GC heap after
{Heap after GC invocations=630 (full 3):
 PSYoungGen      total 3072K, used 272K [0x00000000d5580000, 0x00000000d5b80000, 0x0000000100000000)
  eden space 2560K, 0% used [0x00000000d5580000,0x00000000d5580000,0x00000000d5800000)
  from space 512K, 53% used [0x00000000d5a80000,0x00000000d5ac4010,0x00000000d5b00000)
  to   space 512K, 0% used [0x00000000d5b00000,0x00000000d5b00000,0x00000000d5b80000)
 ParOldGen       total 182784K, used 182439K [0x0000000080000000, 0x000000008b280000, 0x00000000d5580000)
  object space 182784K, 99% used [0x0000000080000000,0x000000008b229f00,0x000000008b280000)
 Metaspace       used 73037K, committed 74688K, reserved 1114112K
  class space    used 8997K, committed 9728K, reserved 1048576K
}
Event: 103.632 GC heap before
{Heap before GC invocations=631 (full 3):
 PSYoungGen      total 3072K, used 2832K [0x00000000d5580000, 0x00000000d5b80000, 0x0000000100000000)
  eden space 2560K, 100% used [0x00000000d5580000,0x00000000d5800000,0x00000000d5800000)
  from space 512K, 53% used [0x00000000d5a80000,0x00000000d5ac4010,0x00000000d5b00000)
  to   space 512K, 0% used [0x00000000d5b00000,0x00000000d5b00000,0x00000000d5b80000)
 ParOldGen       total 182784K, used 182439K [0x0000000080000000, 0x000000008b280000, 0x00000000d5580000)
  object space 182784K, 99% used [0x0000000080000000,0x000000008b229f00,0x000000008b280000)
 Metaspace       used 73277K, committed 74944K, reserved 1114112K
  class space    used 9042K, committed 9792K, reserved 1048576K
}
Event: 103.634 GC heap after
{Heap after GC invocations=631 (full 3):
 PSYoungGen      total 3072K, used 288K [0x00000000d5580000, 0x00000000d5b80000, 0x0000000100000000)
  eden space 2560K, 0% used [0x00000000d5580000,0x00000000d5580000,0x00000000d5800000)
  from space 512K, 56% used [0x00000000d5b00000,0x00000000d5b48000,0x00000000d5b80000)
  to   space 512K, 0% used [0x00000000d5a80000,0x00000000d5a80000,0x00000000d5b00000)
 ParOldGen       total 182784K, used 182591K [0x0000000080000000, 0x000000008b280000, 0x00000000d5580000)
  object space 182784K, 99% used [0x0000000080000000,0x000000008b24ff20,0x000000008b280000)
 Metaspace       used 73277K, committed 74944K, reserved 1114112K
  class space    used 9042K, committed 9792K, reserved 1048576K
}
Event: 103.685 GC heap before
{Heap before GC invocations=632 (full 3):
 PSYoungGen      total 3072K, used 2835K [0x00000000d5580000, 0x00000000d5b80000, 0x0000000100000000)
  eden space 2560K, 99% used [0x00000000d5580000,0x00000000d57fcda8,0x00000000d5800000)
  from space 512K, 56% used [0x00000000d5b00000,0x00000000d5b48000,0x00000000d5b80000)
  to   space 512K, 0% used [0x00000000d5a80000,0x00000000d5a80000,0x00000000d5b00000)
 ParOldGen       total 182784K, used 182591K [0x0000000080000000, 0x000000008b280000, 0x00000000d5580000)
  object space 182784K, 99% used [0x0000000080000000,0x000000008b24ff20,0x000000008b280000)
 Metaspace       used 73554K, committed 75264K, reserved 1179648K
  class space    used 9088K, committed 9856K, reserved 1048576K
}
Event: 103.686 GC heap after
{Heap after GC invocations=632 (full 3):
 PSYoungGen      total 3072K, used 310K [0x00000000d5580000, 0x00000000d5b80000, 0x0000000100000000)
  eden space 2560K, 0% used [0x00000000d5580000,0x00000000d5580000,0x00000000d5800000)
  from space 512K, 60% used [0x00000000d5a80000,0x00000000d5acd980,0x00000000d5b00000)
  to   space 512K, 0% used [0x00000000d5b00000,0x00000000d5b00000,0x00000000d5b80000)
 ParOldGen       total 182784K, used 182727K [0x0000000080000000, 0x000000008b280000, 0x00000000d5580000)
  object space 182784K, 99% used [0x0000000080000000,0x000000008b271f20,0x000000008b280000)
 Metaspace       used 73554K, committed 75264K, reserved 1179648K
  class space    used 9088K, committed 9856K, reserved 1048576K
}
Event: 103.725 GC heap before
{Heap before GC invocations=633 (full 3):
 PSYoungGen      total 3072K, used 2870K [0x00000000d5580000, 0x00000000d5b80000, 0x0000000100000000)
  eden space 2560K, 100% used [0x00000000d5580000,0x00000000d5800000,0x00000000d5800000)
  from space 512K, 60% used [0x00000000d5a80000,0x00000000d5acd980,0x00000000d5b00000)
  to   space 512K, 0% used [0x00000000d5b00000,0x00000000d5b00000,0x00000000d5b80000)
 ParOldGen       total 182784K, used 182727K [0x0000000080000000, 0x000000008b280000, 0x00000000d5580000)
  object space 182784K, 99% used [0x0000000080000000,0x000000008b271f20,0x000000008b280000)
 Metaspace       used 73864K, committed 75584K, reserved 1179648K
  class space    used 9140K, committed 9920K, reserved 1048576K
}
Event: 103.726 GC heap after
{Heap after GC invocations=633 (full 3):
 PSYoungGen      total 3072K, used 224K [0x00000000d5580000, 0x00000000d5b80000, 0x0000000100000000)
  eden space 2560K, 0% used [0x00000000d5580000,0x00000000d5580000,0x00000000d5800000)
  from space 512K, 43% used [0x00000000d5b00000,0x00000000d5b38000,0x00000000d5b80000)
  to   space 512K, 0% used [0x00000000d5a80000,0x00000000d5a80000,0x00000000d5b00000)
 ParOldGen       total 183296K, used 182799K [0x0000000080000000, 0x000000008b300000, 0x00000000d5580000)
  object space 183296K, 99% used [0x0000000080000000,0x000000008b283f20,0x000000008b300000)
 Metaspace       used 73864K, committed 75584K, reserved 1179648K
  class space    used 9140K, committed 9920K, reserved 1048576K
}

